<?xml version="1.0" encoding="UTF-8"?>
<!-- Generated by org.testng.reporters.JUnitReportReporter -->
<testsuite hostname="LAPTOP-L1UTGG0I" failures="0" tests="2" name="com.Base" time="16.766" errors="0" timestamp="2021-05-30T00:11:30 IST" skipped="0">
  <testcase classname="com.Base" name="configuration_properties_initialization" time="6.105"/>
  <system-out/>
  <testcase classname="com.Base" name="configuration_properties_initialization" time="10.661"/>
  <system-out/>
</testsuite> <!-- com.Base -->
