<?xml version="1.0" encoding="UTF-8"?>
<!-- Generated by org.testng.reporters.JUnitReportReporter -->
<testsuite hostname="LAPTOP-L1UTGG0I" failures="0" tests="1" name="Test.SwagLab" time="2.438" errors="0" timestamp="17 Oct 2023 07:34:59 GMT">
  <testcase classname="Test.SwagLab" name="LoginTest" time="2.438"/>
</testsuite> <!-- Test.SwagLab -->
